TN:
SF:projects/lantern-sdk/src/lib/lantern-router.service.ts
FN:22,(anonymous_0)
FN:30,(anonymous_1)
FN:31,(anonymous_2)
FN:35,(anonymous_3)
FN:41,(anonymous_4)
FN:56,(anonymous_5)
FN:80,maskPath
FN:84,(anonymous_8)
FNF:8
FNH:8
FNDA:8,(anonymous_0)
FNDA:34,(anonymous_1)
FNDA:3,(anonymous_2)
FNDA:7,(anonymous_3)
FNDA:3,(anonymous_4)
FNDA:3,(anonymous_5)
FNDA:11,maskPath
FNDA:27,(anonymous_8)
DA:18,1
DA:19,8
DA:20,8
DA:23,8
DA:24,8
DA:27,8
DA:28,8
DA:29,5
DA:30,34
DA:31,3
DA:36,7
DA:37,4
DA:42,3
DA:43,3
DA:44,0
DA:46,3
DA:47,3
DA:48,3
DA:49,3
DA:57,3
DA:58,0
DA:60,3
DA:62,3
DA:63,6
DA:64,6
DA:65,1
DA:67,6
DA:68,3
DA:70,3
DA:72,3
DA:76,1
DA:77,1
DA:81,11
DA:82,11
DA:84,27
LF:35
LH:33
BRDA:27,0,0,8
BRDA:27,0,1,0
BRDA:28,1,0,5
BRDA:28,2,0,8
BRDA:28,2,1,5
BRDA:36,3,0,4
BRDA:42,4,0,3
BRDA:42,4,1,0
BRDA:43,5,0,0
BRDA:49,6,0,3
BRDA:49,6,1,2
BRDA:51,7,0,1
BRDA:51,7,1,2
BRDA:52,8,0,3
BRDA:52,8,1,2
BRDA:57,9,0,0
BRDA:63,10,0,6
BRDA:63,10,1,6
BRDA:64,11,0,1
BRDA:64,12,0,6
BRDA:64,12,1,6
BRDA:67,13,0,3
BRDA:82,14,0,11
BRDA:82,14,1,1
BRDA:84,15,0,4
BRDA:84,15,1,23
BRDA:84,16,0,27
BRDA:84,16,1,24
BRF:28
BRH:24
end_of_record
TN:
SF:projects/lantern-sdk/src/lib/lantern-session.interceptor.ts
FN:20,(anonymous_0)
FN:27,(anonymous_1)
FN:34,(anonymous_2)
FN:39,(anonymous_3)
FNF:4
FNH:4
FNDA:3,(anonymous_0)
FNDA:6,(anonymous_1)
FNDA:6,(anonymous_2)
FNDA:5,(anonymous_3)
DA:17,1
DA:21,3
DA:24,3
DA:28,6
DA:29,3
DA:31,3
DA:35,6
DA:36,2
DA:38,4
DA:39,5
LF:10
LH:10
BRDA:24,0,0,3
BRDA:24,0,1,0
BRDA:28,1,0,3
BRDA:35,2,0,2
BRDA:35,3,0,6
BRDA:35,3,1,6
BRDA:35,3,2,5
BRDA:39,4,0,4
BRDA:39,4,1,3
BRF:9
BRH:8
end_of_record
TN:
SF:projects/lantern-sdk/src/lib/lantern-track.directive.ts
FN:27,(anonymous_0)
FN:30,(anonymous_1)
FN:49,defaultName
FNF:3
FNH:3
FNDA:12,(anonymous_0)
FNDA:4,(anonymous_1)
FNDA:1,defaultName
DA:21,1
DA:25,12
DA:27,12
DA:31,4
DA:32,1
DA:34,3
DA:35,3
DA:36,3
DA:37,3
DA:50,1
LF:10
LH:10
BRDA:31,0,0,1
BRDA:35,1,0,3
BRDA:35,1,1,2
BRDA:35,1,2,1
BRDA:36,2,0,3
BRDA:36,2,1,0
BRDA:38,3,0,3
BRDA:38,3,1,2
BRDA:40,4,0,3
BRDA:40,4,1,0
BRDA:44,5,0,3
BRDA:44,5,1,3
BRDA:50,6,0,1
BRDA:50,6,1,0
BRF:14
BRH:11
end_of_record
TN:
SF:projects/lantern-sdk/src/lib/lantern.config.ts
FN:50,resolveConfig
FNF:1
FNH:1
FNDA:31,resolveConfig
DA:38,1
DA:40,1
DA:51,31
LF:3
LH:3
BRF:0
BRH:0
end_of_record
TN:
SF:projects/lantern-sdk/src/lib/lantern.module.ts
FN:25,(anonymous_0)
FN:42,(anonymous_1)
FNF:2
FNH:2
FNDA:9,(anonymous_0)
FNDA:8,(anonymous_1)
DA:24,1
DA:33,9
DA:34,9
DA:35,1
DA:37,8
DA:38,7
DA:43,8
LF:7
LH:7
BRDA:34,0,0,1
BRDA:34,1,0,9
BRDA:34,1,1,1
BRDA:37,2,0,7
BRDA:37,3,0,8
BRDA:37,3,1,7
BRF:6
BRH:6
end_of_record
TN:
SF:projects/lantern-sdk/src/lib/lantern.service.ts
FN:27,(anonymous_0)
FN:43,(anonymous_1)
FN:51,(anonymous_2)
FN:67,(anonymous_3)
FN:72,(anonymous_4)
FN:76,(anonymous_5)
FN:84,(anonymous_6)
FN:90,(anonymous_7)
FN:105,(anonymous_8)
FN:124,(anonymous_9)
FN:128,(anonymous_10)
FN:132,(anonymous_11)
FN:144,(anonymous_12)
FN:153,(anonymous_13)
FN:157,(anonymous_14)
FN:165,(anonymous_15)
FN:177,(anonymous_16)
FN:181,(anonymous_17)
FN:186,(anonymous_18)
FN:192,(anonymous_19)
FNF:20
FNH:20
FNDA:20,(anonymous_0)
FNDA:22,(anonymous_1)
FNDA:10,(anonymous_2)
FNDA:4,(anonymous_3)
FNDA:4,(anonymous_4)
FNDA:4,(anonymous_5)
FNDA:1,(anonymous_6)
FNDA:1,(anonymous_7)
FNDA:6,(anonymous_8)
FNDA:1,(anonymous_9)
FNDA:2,(anonymous_10)
FNDA:9,(anonymous_11)
FNDA:8,(anonymous_12)
FNDA:7,(anonymous_13)
FNDA:10,(anonymous_14)
FNDA:4,(anonymous_15)
FNDA:5,(anonymous_16)
FNDA:3,(anonymous_17)
FNDA:48,(anonymous_18)
FNDA:17,(anonymous_19)
DA:6,1
DA:7,1
DA:8,1
DA:19,1
DA:23,20
DA:24,20
DA:25,20
DA:35,20
DA:38,20
DA:39,20
DA:44,22
DA:52,10
DA:53,2
DA:55,8
DA:56,8
DA:57,8
DA:59,8
DA:60,8
DA:61,4
DA:63,4
DA:64,4
DA:65,4
DA:66,4
DA:67,4
DA:68,4
DA:69,4
DA:73,4
DA:77,4
DA:85,1
DA:86,1
DA:91,1
DA:92,1
DA:93,1
DA:94,1
DA:95,1
DA:96,1
DA:106,6
DA:107,6
DA:108,1
DA:109,1
DA:110,1
DA:111,1
DA:114,5
DA:115,1
DA:116,1
DA:118,4
DA:119,4
DA:120,4
DA:121,4
DA:125,1
DA:129,2
DA:133,9
DA:134,1
DA:135,1
DA:137,8
DA:138,8
DA:141,8
DA:145,8
DA:154,7
DA:158,10
DA:159,10
DA:161,0
DA:166,4
DA:167,4
DA:168,2
DA:170,2
DA:171,2
DA:172,1
DA:174,1
DA:178,5
DA:182,3
DA:183,3
DA:184,3
DA:185,3
DA:186,48
DA:189,0
DA:193,17
DA:195,1
LF:78
LH:76
BRDA:38,0,0,20
BRDA:38,0,1,1
BRDA:39,1,0,20
BRDA:39,1,1,0
BRDA:44,2,0,22
BRDA:44,2,1,18
BRDA:44,2,2,18
BRDA:52,3,0,2
BRDA:52,4,0,10
BRDA:52,4,1,9
BRDA:52,4,2,8
BRDA:60,5,0,4
BRDA:68,6,0,4
BRDA:68,6,1,0
BRDA:95,7,0,1
BRDA:95,8,0,1
BRDA:95,8,1,1
BRDA:107,9,0,1
BRDA:107,10,0,6
BRDA:107,10,1,6
BRDA:109,11,0,1
BRDA:114,12,0,1
BRDA:119,13,0,4
BRDA:119,13,1,3
BRDA:133,14,0,1
BRDA:133,15,0,9
BRDA:133,15,1,8
BRDA:146,16,0,8
BRDA:146,16,1,4
BRDA:154,17,0,7
BRDA:154,17,1,0
BRDA:159,18,0,10
BRDA:159,18,1,0
BRDA:167,19,0,2
BRDA:171,20,0,1
BRDA:171,21,0,2
BRDA:171,21,1,2
BRDA:171,21,2,2
BRDA:182,22,0,3
BRDA:182,22,1,3
BRDA:183,23,0,3
BRDA:183,24,0,3
BRDA:183,24,1,3
BRDA:193,25,0,1
BRDA:193,26,0,17
BRDA:193,26,1,1
BRDA:193,26,2,1
BRDA:195,27,0,0
BRDA:195,27,1,1
BRF:49
BRH:44
end_of_record
TN:
SF:projects/lantern-sdk/src/lib/lantern.vendor.ts
FN:30,installQueueStub
FN:35,(anonymous_1)
FN:35,(anonymous_2)
FNF:3
FNH:3
FNDA:16,installQueueStub
FNDA:12,(anonymous_1)
FNDA:4,(anonymous_2)
DA:31,16
DA:32,14
DA:34,2
DA:35,12
DA:36,2
DA:45,2
DA:46,2
LF:7
LH:7
BRDA:31,0,0,14
BRF:1
BRH:1
end_of_record
