TN:
SF:projects/lantern-sdk/src/test.ts
FNF:0
FNH:0
DA:19,1
DA:26,1
DA:28,1
LF:3
LH:3
BRF:0
BRH:0
end_of_record
TN:
SF:projects/lantern-sdk/src/lib/lantern-router.service.ts
FN:22,(anonymous_0)
FN:30,(anonymous_1)
FN:31,(anonymous_2)
FN:35,(anonymous_3)
FN:41,(anonymous_4)
FN:56,(anonymous_5)
FN:80,maskPath
FN:84,(anonymous_8)
FNF:8
FNH:8
FNDA:8,(anonymous_0)
FNDA:33,(anonymous_1)
FNDA:3,(anonymous_2)
FNDA:7,(anonymous_3)
FNDA:3,(anonymous_4)
FNDA:3,(anonymous_5)
FNDA:11,maskPath
FNDA:27,(anonymous_8)
DA:18,1
DA:19,8
DA:20,8
DA:23,8
DA:24,8
DA:27,8
DA:28,8
DA:29,2
DA:30,33
DA:31,3
DA:36,7
DA:37,2
DA:42,3
DA:43,3
DA:44,0
DA:46,3
DA:47,3
DA:48,3
DA:49,3
DA:57,3
DA:58,0
DA:60,3
DA:62,3
DA:63,6
DA:64,6
DA:65,1
DA:67,6
DA:68,3
DA:70,3
DA:72,3
DA:76,1
DA:77,1
DA:81,11
DA:82,11
DA:84,27
LF:35
LH:33
BRDA:27,0,0,8
BRDA:27,0,1,0
BRDA:28,1,0,2
BRDA:28,1,1,6
BRDA:28,2,0,8
BRDA:28,2,1,5
BRDA:36,3,0,2
BRDA:36,3,1,5
BRDA:42,4,0,3
BRDA:42,4,1,0
BRDA:43,5,0,0
BRDA:43,5,1,3
BRDA:49,6,0,3
BRDA:49,6,1,2
BRDA:51,7,0,1
BRDA:51,7,1,2
BRDA:52,8,0,3
BRDA:52,8,1,2
BRDA:57,9,0,0
BRDA:57,9,1,3
BRDA:63,10,0,6
BRDA:63,10,1,6
BRDA:64,11,0,1
BRDA:64,11,1,5
BRDA:64,12,0,6
BRDA:64,12,1,6
BRDA:67,13,0,3
BRDA:67,13,1,3
BRDA:82,14,0,11
BRDA:82,14,1,1
BRDA:84,15,0,4
BRDA:84,15,1,23
BRDA:84,16,0,27
BRDA:84,16,1,24
BRF:34
BRH:30
end_of_record
TN:
SF:projects/lantern-sdk/src/lib/lantern-session.interceptor.ts
FN:20,(anonymous_0)
FN:27,(anonymous_1)
FN:34,(anonymous_2)
FN:39,(anonymous_3)
FNF:4
FNH:4
FNDA:3,(anonymous_0)
FNDA:6,(anonymous_1)
FNDA:6,(anonymous_2)
FNDA:5,(anonymous_3)
DA:17,1
DA:21,3
DA:24,3
DA:28,6
DA:29,3
DA:31,3
DA:35,6
DA:36,2
DA:38,4
DA:39,5
LF:10
LH:10
BRDA:24,0,0,3
BRDA:24,0,1,0
BRDA:28,1,0,3
BRDA:28,1,1,3
BRDA:35,2,0,2
BRDA:35,2,1,4
BRDA:35,3,0,6
BRDA:35,3,1,6
BRDA:35,3,2,5
BRDA:39,4,0,4
BRDA:39,4,1,3
BRF:11
BRH:10
end_of_record
TN:
SF:projects/lantern-sdk/src/lib/lantern-track.directive.ts
FN:27,(anonymous_0)
FN:30,(anonymous_1)
FN:49,defaultName
FNF:3
FNH:3
FNDA:12,(anonymous_0)
FNDA:4,(anonymous_1)
FNDA:1,defaultName
DA:21,1
DA:25,12
DA:27,12
DA:31,4
DA:32,1
DA:34,3
DA:35,3
DA:36,3
DA:37,3
DA:50,1
LF:10
LH:10
BRDA:31,0,0,1
BRDA:31,0,1,3
BRDA:35,1,0,3
BRDA:35,1,1,2
BRDA:35,1,2,1
BRDA:36,2,0,3
BRDA:36,2,1,0
BRDA:38,3,0,3
BRDA:38,3,1,2
BRDA:40,4,0,3
BRDA:40,4,1,0
BRDA:44,5,0,3
BRDA:44,5,1,3
BRDA:50,6,0,1
BRDA:50,6,1,0
BRF:15
BRH:12
end_of_record
TN:
SF:projects/lantern-sdk/src/lib/lantern.config.ts
FN:50,resolveConfig
FNF:1
FNH:1
FNDA:28,resolveConfig
DA:38,1
DA:40,1
DA:51,28
LF:3
LH:3
BRF:0
BRH:0
end_of_record
TN:
SF:projects/lantern-sdk/src/lib/lantern.module.ts
FN:25,(anonymous_0)
FN:43,(anonymous_1)
FNF:2
FNH:2
FNDA:9,(anonymous_0)
FNDA:8,(anonymous_1)
DA:24,1
DA:34,9
DA:35,9
DA:36,1
DA:38,8
DA:39,7
DA:44,8
LF:7
LH:7
BRDA:35,0,0,1
BRDA:35,0,1,8
BRDA:35,1,0,9
BRDA:35,1,1,1
BRDA:38,2,0,7
BRDA:38,2,1,1
BRDA:38,3,0,8
BRDA:38,3,1,7
BRF:8
BRH:8
end_of_record
TN:
SF:projects/lantern-sdk/src/lib/lantern.service.ts
FN:26,(anonymous_0)
FN:43,(anonymous_1)
FN:51,(anonymous_2)
FN:67,(anonymous_3)
FN:72,(anonymous_4)
FN:76,(anonymous_5)
FN:84,(anonymous_6)
FN:90,(anonymous_7)
FN:105,(anonymous_8)
FN:124,(anonymous_9)
FN:128,(anonymous_10)
FN:132,(anonymous_11)
FN:143,(anonymous_12)
FN:152,(anonymous_13)
FN:156,(anonymous_14)
FN:164,(anonymous_15)
FN:176,(anonymous_16)
FN:180,(anonymous_17)
FN:185,(anonymous_18)
FN:191,(anonymous_19)
FNF:20
FNH:19
FNDA:17,(anonymous_0)
FNDA:21,(anonymous_1)
FNDA:10,(anonymous_2)
FNDA:4,(anonymous_3)
FNDA:3,(anonymous_4)
FNDA:4,(anonymous_5)
FNDA:1,(anonymous_6)
FNDA:1,(anonymous_7)
FNDA:4,(anonymous_8)
FNDA:1,(anonymous_9)
FNDA:0,(anonymous_10)
FNDA:8,(anonymous_11)
FNDA:7,(anonymous_12)
FNDA:5,(anonymous_13)
FNDA:6,(anonymous_14)
FNDA:2,(anonymous_15)
FNDA:3,(anonymous_16)
FNDA:2,(anonymous_17)
FNDA:32,(anonymous_18)
FNDA:16,(anonymous_19)
DA:6,1
DA:7,1
DA:18,1
DA:22,17
DA:23,17
DA:24,17
DA:35,17
DA:38,17
DA:39,17
DA:44,21
DA:52,10
DA:53,2
DA:55,8
DA:56,8
DA:57,8
DA:59,8
DA:60,8
DA:61,4
DA:63,4
DA:64,4
DA:65,4
DA:66,4
DA:67,4
DA:68,4
DA:69,4
DA:73,3
DA:77,4
DA:85,1
DA:86,1
DA:91,1
DA:92,1
DA:93,1
DA:94,1
DA:95,1
DA:96,1
DA:106,4
DA:107,4
DA:108,1
DA:109,1
DA:110,1
DA:111,1
DA:114,3
DA:115,1
DA:116,1
DA:118,2
DA:119,2
DA:120,2
DA:121,2
DA:125,1
DA:129,0
DA:133,8
DA:134,1
DA:135,1
DA:137,7
DA:138,7
DA:140,7
DA:144,7
DA:153,5
DA:157,6
DA:158,6
DA:160,0
DA:165,2
DA:166,2
DA:167,2
DA:169,0
DA:170,0
DA:171,0
DA:173,0
DA:177,3
DA:181,2
DA:182,2
DA:183,2
DA:184,2
DA:185,32
DA:188,0
DA:192,16
DA:194,0
LF:77
LH:69
BRDA:38,0,0,17
BRDA:38,0,1,1
BRDA:39,1,0,17
BRDA:39,1,1,0
BRDA:44,2,0,21
BRDA:44,2,1,17
BRDA:44,2,2,17
BRDA:52,3,0,2
BRDA:52,3,1,8
BRDA:52,4,0,10
BRDA:52,4,1,9
BRDA:52,4,2,8
BRDA:60,5,0,4
BRDA:60,5,1,4
BRDA:68,6,0,4
BRDA:68,6,1,0
BRDA:93,7,0,0
BRDA:93,7,1,1
BRDA:93,8,0,1
BRDA:93,8,1,1
BRDA:95,9,0,1
BRDA:95,9,1,0
BRDA:95,10,0,1
BRDA:95,10,1,1
BRDA:107,11,0,1
BRDA:107,11,1,3
BRDA:107,12,0,4
BRDA:107,12,1,4
BRDA:109,13,0,1
BRDA:109,13,1,0
BRDA:114,14,0,1
BRDA:114,14,1,2
BRDA:119,15,0,2
BRDA:119,15,1,2
BRDA:133,16,0,1
BRDA:133,16,1,7
BRDA:133,17,0,8
BRDA:133,17,1,7
BRDA:145,18,0,7
BRDA:145,18,1,3
BRDA:153,19,0,5
BRDA:153,19,1,0
BRDA:158,20,0,6
BRDA:158,20,1,0
BRDA:165,21,0,0
BRDA:165,21,1,2
BRDA:165,22,0,2
BRDA:165,22,1,2
BRDA:166,23,0,2
BRDA:166,23,1,0
BRDA:170,24,0,0
BRDA:170,24,1,0
BRDA:170,25,0,0
BRDA:170,25,1,0
BRDA:170,25,2,0
BRDA:177,26,0,0
BRDA:177,26,1,3
BRDA:177,27,0,3
BRDA:177,27,1,3
BRDA:181,28,0,2
BRDA:181,28,1,2
BRDA:182,29,0,2
BRDA:182,29,1,0
BRDA:182,30,0,2
BRDA:182,30,1,2
BRDA:192,31,0,0
BRDA:192,31,1,16
BRDA:192,32,0,16
BRDA:192,32,1,0
BRDA:192,32,2,0
BRDA:194,33,0,0
BRDA:194,33,1,0
BRF:72
BRH:51
end_of_record
TN:
SF:projects/lantern-sdk/src/lib/lantern.vendor.ts
FN:30,installQueueStub
FN:35,(anonymous_1)
FN:35,(anonymous_2)
FNF:3
FNH:3
FNDA:15,installQueueStub
FNDA:12,(anonymous_1)
FNDA:4,(anonymous_2)
DA:31,15
DA:32,13
DA:34,2
DA:35,12
DA:36,2
DA:45,2
DA:46,2
LF:7
LH:7
BRDA:31,0,0,13
BRDA:31,0,1,2
BRF:2
BRH:2
end_of_record
